# JRE version: 7.0_09-b05
# Java VM: Java HotSpot(TM) 64-Bit Server VM (23.5-b02 mixed mode windows-amd64 compressed oops)
Heap
 PSYoungGen      total 36800K, used 9336K [0x00000007d6e00000, 0x00000007db5e0000, 0x0000000800000000)
  eden space 31552K, 13% used [0x00000007d6e00000,0x00000007d7203678,0x00000007d8cd0000)
  from space 5248K, 99% used [0x00000007d8cd0000,0x00000007d91ead80,0x00000007d91f0000)
  to   space 5248K, 0% used [0x00000007db0c0000,0x00000007db0c0000,0x00000007db5e0000)
 ParOldGen       total 84224K, used 2143K [0x0000000784a00000, 0x0000000789c40000, 0x00000007d6e00000)
  object space 84224K, 2% used [0x0000000784a00000,0x0000000784c17d60,0x0000000789c40000)
 PSPermGen       total 21248K, used 15745K [0x000000077f800000, 0x0000000780cc0000, 0x0000000784a00000)
  object space 21248K, 74% used [0x000000077f800000,0x0000000780760540,0x0000000780cc0000)
GC Heap History (6 events):
Event: 1.286 GC heap before
{Heap before GC invocations=1 (full 0):
 PSYoungGen      total 36800K, used 31552K [0x00000007d6e00000, 0x00000007d9710000, 0x0000000800000000)
  eden space 31552K, 100% used [0x00000007d6e00000,0x00000007d8cd0000,0x00000007d8cd0000)
  from space 5248K, 0% used [0x00000007d91f0000,0x00000007d91f0000,0x00000007d9710000)
  to   space 5248K, 0% used [0x00000007d8cd0000,0x00000007d8cd0000,0x00000007d91f0000)
 ParOldGen       total 84224K, used 0K [0x0000000784a00000, 0x0000000789c40000, 0x00000007d6e00000)
  object space 84224K, 0% used [0x0000000784a00000,0x0000000784a00000,0x0000000789c40000)
 PSPermGen       total 21248K, used 11947K [0x000000077f800000, 0x0000000780cc0000, 0x0000000784a00000)
  object space 21248K, 56% used [0x000000077f800000,0x00000007803aac48,0x0000000780cc0000)
Event: 1.294 GC heap after
Heap after GC invocations=1 (full 0):
 PSYoungGen      total 36800K, used 2792K [0x00000007d6e00000, 0x00000007d9710000, 0x0000000800000000)
  eden space 31552K, 0% used [0x00000007d6e00000,0x00000007d6e00000,0x00000007d8cd0000)
  from space 5248K, 53% used [0x00000007d8cd0000,0x00000007d8f8a0c0,0x00000007d91f0000)
  to   space 5248K, 0% used [0x00000007d91f0000,0x00000007d91f0000,0x00000007d9710000)
 ParOldGen       total 84224K, used 8K [0x0000000784a00000, 0x0000000789c40000, 0x00000007d6e00000)
  object space 84224K, 0% used [0x0000000784a00000,0x0000000784a02000,0x0000000789c40000)
 PSPermGen       total 21248K, used 11947K [0x000000077f800000, 0x0000000780cc0000, 0x0000000784a00000)
  object space 21248K, 56% used [0x000000077f800000,0x00000007803aac48,0x0000000780cc0000)
}
Event: 2.843 GC heap before
{Heap before GC invocations=2 (full 0):
 PSYoungGen      total 36800K, used 33509K [0x00000007d6e00000, 0x00000007d9710000, 0x0000000800000000)
  eden space 31552K, 97% used [0x00000007d6e00000,0x00000007d8bff5b8,0x00000007d8cd0000)
  from space 5248K, 53% used [0x00000007d8cd0000,0x00000007d8f8a0c0,0x00000007d91f0000)
  to   space 5248K, 0% used [0x00000007d91f0000,0x00000007d91f0000,0x00000007d9710000)
 ParOldGen       total 84224K, used 8K [0x0000000784a00000, 0x0000000789c40000, 0x00000007d6e00000)
  object space 84224K, 0% used [0x0000000784a00000,0x0000000784a02000,0x0000000789c40000)
 PSPermGen       total 21248K, used 15671K [0x000000077f800000, 0x0000000780cc0000, 0x0000000784a00000)
  object space 21248K, 73% used [0x000000077f800000,0x000000078074dd38,0x0000000780cc0000)
Event: 2.858 GC heap after
Heap after GC invocations=2 (full 0):
 PSYoungGen      total 36800K, used 4014K [0x00000007d6e00000, 0x00000007d9710000, 0x0000000800000000)
  eden space 31552K, 0% used [0x00000007d6e00000,0x00000007d6e00000,0x00000007d8cd0000)
  from space 5248K, 76% used [0x00000007d91f0000,0x00000007d95db8f8,0x00000007d9710000)
  to   space 5248K, 0% used [0x00000007d8cd0000,0x00000007d8cd0000,0x00000007d91f0000)
 ParOldGen       total 84224K, used 8K [0x0000000784a00000, 0x0000000789c40000, 0x00000007d6e00000)
  object space 84224K, 0% used [0x0000000784a00000,0x0000000784a02000,0x0000000789c40000)
 PSPermGen       total 21248K, used 15671K [0x000000077f800000, 0x0000000780cc0000, 0x0000000784a00000)
  object space 21248K, 73% used [0x000000077f800000,0x000000078074dd38,0x0000000780cc0000)
}
Event: 3.258 GC heap before
{Heap before GC invocations=3 (full 0):
 PSYoungGen      total 36800K, used 35566K [0x00000007d6e00000, 0x00000007d9710000, 0x0000000800000000)
  eden space 31552K, 100% used [0x00000007d6e00000,0x00000007d8cd0000,0x00000007d8cd0000)
  from space 5248K, 76% used [0x00000007d91f0000,0x00000007d95db8f8,0x00000007d9710000)
  to   space 5248K, 0% used [0x00000007d8cd0000,0x00000007d8cd0000,0x00000007d91f0000)
 ParOldGen       total 84224K, used 8K [0x0000000784a00000, 0x0000000789c40000, 0x00000007d6e00000)
  object space 84224K, 0% used [0x0000000784a00000,0x0000000784a02000,0x0000000789c40000)
 PSPermGen       total 21248K, used 15697K [0x000000077f800000, 0x0000000780cc0000, 0x0000000784a00000)
  object space 21248K, 73% used [0x000000077f800000,0x0000000780754518,0x0000000780cc0000)
Event: 3.269 GC heap after
Heap after GC invocations=3 (full 0):
 PSYoungGen      total 36800K, used 5227K [0x00000007d6e00000, 0x00000007db5e0000, 0x0000000800000000)
  eden space 31552K, 0% used [0x00000007d6e00000,0x00000007d6e00000,0x00000007d8cd0000)
  from space 5248K, 99% used [0x00000007d8cd0000,0x00000007d91ead80,0x00000007d91f0000)
  to   space 5248K, 0% used [0x00000007db0c0000,0x00000007db0c0000,0x00000007db5e0000)
 ParOldGen       total 84224K, used 2143K [0x0000000784a00000, 0x0000000789c40000, 0x00000007d6e00000)
  object space 84224K, 2% used [0x0000000784a00000,0x0000000784c17d60,0x0000000789c40000)
 PSPermGen       total 21248K, used 15697K [0x000000077f800000, 0x0000000780cc0000, 0x0000000784a00000)
  object space 21248K, 73% used [0x000000077f800000,0x0000000780754518,0x0000000780cc0000)
}

